<?xml version="1.0" encoding="UTF-8"?>
<configuration xmlns:xsi="http://www.w3.org/2001/XMLSchema-instance"
  xsi:schemaLocation="http://www.exoplatform.org/xml/ns/kernel_1_2.xsd http://www.exoplatform.org/xml/ns/kernel_1_2.xsd"
  xmlns="http://www.exoplatform.org/xml/ns/kernel_1_2.xsd">

  <component>
    <type>org.exoplatform.services.rest.impl.ResourceBinder</type>
  </component>

  <component>
    <type>org.exoplatform.appCenter.services.rest.ApplicationsRestService</type>
  </component>

  <component>
    <type>org.exoplatform.appCenter.services.dao.ApplicationDAO</type>
  </component>

  <component>
    <type>org.exoplatform.appCenter.services.dao.FavoriteApplicationDAO</type>
  </component>

  <component>
    <key>org.exoplatform.services.organization.OrganizationService</key>
    <type>org.exoplatform.appCenter.services.mock.MockOrganizationService</type>
  </component>
  <component>
    <key>org.exoplatform.commons.file.services.FileService</key>
    <type>org.exoplatform.appCenter.services.mock.MockFileService</type>
  </component>

  <component>
    <key>org.exoplatform.commons.api.settings.SettingService</key>
    <type>org.exoplatform.appCenter.services.mock.MockSettingServiceImpl</type>
  </component>

  <component>
    <key>org.exoplatform.services.naming.InitialContextInitializer</key>
    <type>org.exoplatform.services.naming.InitialContextInitializer</type>
    <init-params>
      <properties-param>
        <name>default-properties</name>
        <description>Default initial context properties</description>
        <property name="java.naming.factory.initial"
          value="org.exoplatform.services.naming.SimpleContextFactory" />
      </properties-param>
    </init-params>
  </component>

  <component>
    <key>org.exoplatform.commons.api.persistence.DataInitializer</key>
    <type>org.exoplatform.commons.persistence.impl.LiquibaseDataInitializer</type>
    <init-params>
      <value-param>
        <name>liquibase.datasource</name>
        <value>java:/comp/env/exo-jpa_portal</value>
      </value-param>
      <value-param>
        <name>liquibase.contexts</name>
        <value>${exo.liquibase.contexts}</value>
      </value-param>
    </init-params>
  </component>
  <component>
    <key>org.exoplatform.services.database.HibernateService</key>
    <jmx-name>exo-service:type=HibernateService</jmx-name>
    <type>org.exoplatform.services.database.impl.HibernateServiceImpl</type>
    <init-params>
      <properties-param>
        <name>hibernate.properties</name>
        <description>Default Hibernate Service</description>
        <property name="hibernate.show_sql" value="false" />
        <property name="hibernate.cglib.use_reflection_optimizer"
          value="true" />
        <property name="hibernate.connection.url" value="jdbc:hsqldb:mem:db/default" />
        <property name="hibernate.connection.driver_class"
          value="org.hsqldb.jdbcDriver" />
        <property name="hibernate.connection.autocommit" value="true" />
        <property name="hibernate.connection.username" value="sa" />
        <property name="hibernate.connection.password" value="" />
        <property name="hibernate.dialect">org.hibernate.dialect.HSQLDialect</property>
        <property name="hibernate.hbm2ddl.auto" value="update" />
        <property name="hibernate.cache.region.factory_class"
          value="org.exoplatform.services.database.impl.ExoCacheRegionFactory" />
        <property name="hibernate.cache.use_second_level_cache"
          value="true" />
        <property name="hibernate.cache.use_query_cache" value="true" />
        <property name="hibernate.c3p0.min_size" value="5" />
        <property name="hibernate.c3p0.max_size" value="20" />
        <property name="hibernate.c3p0.timeout" value="1800" />
        <property name="hibernate.c3p0.max_statements" value="50" />
        <property name="hibernate.current_session_context_class"
          value="thread" />

      </properties-param>
    </init-params>
  </component>

  <component>
    <type>org.exoplatform.commons.persistence.impl.EntityManagerService</type>
  </component>

  <!-- Bind datasource -->
  <external-component-plugins>
    <target-component>org.exoplatform.services.naming.InitialContextInitializer</target-component>
    <component-plugin>
      <name>bind.datasource</name>
      <set-method>addPlugin</set-method>
      <type>org.exoplatform.services.naming.BindReferencePlugin</type>
      <init-params>
        <value-param>
          <name>bind-name</name>
          <value>exo-jpa_portal</value>
        </value-param>
        <value-param>
          <name>class-name</name>
          <value>javax.sql.DataSource</value>
        </value-param>
        <value-param>
          <name>factory</name>
          <value>org.apache.commons.dbcp.BasicDataSourceFactory</value>
        </value-param>
        <properties-param>
          <name>ref-addresses</name>
          <description>ref-addresses</description>
          <property name="driverClassName" value="org.hsqldb.jdbcDriver" />
          <property name="url" value="jdbc:hsqldb:mem:db1" />
          <property name="username" value="sa" />
          <property name="password" value="" />
        </properties-param>
      </init-params>
    </component-plugin>
  </external-component-plugins>

  <external-component-plugins>
    <target-component>org.exoplatform.commons.api.persistence.DataInitializer</target-component>
    <component-plugin>
      <name>AppCenterChangeLogsPlugin</name>
      <set-method>addChangeLogsPlugin</set-method>
      <type>org.exoplatform.commons.persistence.impl.ChangeLogsPlugin</type>
      <init-params>
        <values-param>
          <name>changelogs</name>
          <description>Change logs of appCenter</description>
          <value>db.changelogs/changelog-1.0.0.xml</value>
        </values-param>
      </init-params>
    </component-plugin>
  </external-component-plugins>

  <external-component-plugins>
    <target-component>org.exoplatform.commons.file.services.NameSpaceService</target-component>
    <component-plugin>
      <name>AppCenterNameSpacePlugin</name>
      <set-method>addNameSpacePlugin</set-method>
      <type>org.exoplatform.commons.file.services.NameSpacePlugin</type>
      <init-params>
        <properties-param>
          <name>fileNameSpace.params</name>
          <property name="name" value="appCenter" />
          <property name="description" value="appCenter applications images" />
        </properties-param>
      </init-params>
    </component-plugin>
  </external-component-plugins>

</configuration>
